--- Startup times for process: Primary (or UI client) ---

times in msec
 clock   self+sourced   self:  sourced script
 clock   elapsed:              other lines

000.004  000.004: --- NVIM STARTING ---
000.580  000.576: event init
001.066  000.487: early init
001.336  000.269: locale set
001.597  000.262: init first window
005.624  004.027: inits 1
005.666  000.042: window checked
005.692  000.026: parsing arguments
009.065  000.214  000.214: require('vim._core.shared')
009.408  000.014  000.014: require('string.buffer')
009.522  000.213  000.198: require('vim.inspect')
009.711  000.155  000.155: require('vim._core.options')
009.739  000.658  000.290: require('vim._core.editor')
009.948  000.204  000.204: require('vim._core.system')
009.955  001.216  000.141: require('vim._init_packages')
009.968  003.060: init lua interpreter
015.646  005.678: nvim_ui_attach
019.707  004.061: nvim_set_client_info
019.721  000.013: --- NVIM STARTED ---

--- Startup times for process: Embedded ---

times in msec
 clock   self+sourced   self:  sourced script
 clock   elapsed:              other lines

000.003  000.003: --- NVIM STARTING ---
000.569  000.566: event init
001.025  000.456: early init
001.257  000.232: locale set
001.462  000.205: init first window
003.790  002.328: inits 1
003.882  000.092: window checked
003.906  000.024: parsing arguments
008.088  000.610  000.610: require('vim._core.shared')
008.990  000.148  000.148: require('string.buffer')
009.378  000.741  000.593: require('vim.inspect')
009.696  000.242  000.242: require('vim._core.options')
009.725  001.602  000.619: require('vim._core.editor')
009.842  000.112  000.112: require('vim._core.system')
009.848  002.682  000.357: require('vim._init_packages')
009.933  003.345: init lua interpreter
010.557  000.624: expanding arguments
010.761  000.204: inits 2
013.039  002.278: init highlight
013.047  000.008: waiting for UI
015.072  002.026: done waiting for UI
015.201  000.128: clear screen
015.855  000.062  000.062: require('vim.keymap')
018.786  000.628  000.628: sourcing nvim_exec2()
019.255  004.040  003.350: require('vim._core.defaults')
019.263  000.022: init default mappings & autocommands
020.769  000.200  000.200: sourcing /usr/local/share/nvim/runtime/ftplugin.vim
021.115  000.139  000.139: sourcing /usr/local/share/nvim/runtime/indent.vim
021.147  001.546: sourcing vimrc file(s)
022.183  000.221  000.221: sourcing nvim_exec2() called at /usr/local/share/nvim/runtime/filetype.lua:0
022.200  000.866  000.645: sourcing /usr/local/share/nvim/runtime/filetype.lua
023.265  000.565  000.565: sourcing /usr/local/share/nvim/runtime/syntax/synload.vim
023.843  001.436  000.870: sourcing /usr/local/share/nvim/runtime/syntax/syntax.vim
027.190  001.632  001.632: sourcing /usr/share/nvim/site/plugin/fzf.vim
029.061  000.566  000.566: sourcing /usr/local/share/nvim/runtime/plugin/gzip.vim
030.191  000.377  000.377: sourcing /usr/local/share/nvim/runtime/pack/dist/opt/matchit/plugin/matchit.vim
030.304  001.181  000.803: sourcing /usr/local/share/nvim/runtime/plugin/matchit.vim
030.636  000.289  000.289: sourcing /usr/local/share/nvim/runtime/plugin/matchparen.vim
031.851  000.502  000.502: sourcing /usr/local/share/nvim/runtime/pack/dist/opt/netrw/plugin/netrwPlugin.vim
032.006  001.325  000.823: sourcing /usr/local/share/nvim/runtime/plugin/netrwPlugin.vim
032.176  000.104  000.104: sourcing /usr/local/share/nvim/runtime/plugin/rplugin.vim
032.459  000.233  000.233: sourcing /usr/local/share/nvim/runtime/plugin/tarPlugin.vim
032.566  000.041  000.041: sourcing /usr/local/share/nvim/runtime/plugin/tutor.vim
032.995  000.377  000.377: sourcing /usr/local/share/nvim/runtime/plugin/zipPlugin.vim
033.217  000.153  000.153: sourcing /usr/local/share/nvim/runtime/plugin/editorconfig.lua
033.432  000.161  000.161: sourcing /usr/local/share/nvim/runtime/plugin/man.lua
033.676  000.186  000.186: sourcing /usr/local/share/nvim/runtime/plugin/nvim/net.lua
033.800  000.060  000.060: sourcing /usr/local/share/nvim/runtime/plugin/nvim/spellfile.lua
034.115  000.262  000.262: sourcing /usr/local/share/nvim/runtime/plugin/osc52.lua
034.374  000.199  000.199: sourcing /usr/local/share/nvim/runtime/plugin/shada.lua
034.497  000.055  000.055: sourcing /usr/local/share/nvim/runtime/plugin/tohtml.lua
034.533  004.261: loading rtp plugins
034.833  000.299: loading packages
035.484  000.651: loading after plugins
035.509  000.025: inits 3
035.521  000.012: reading ShaDa
035.639  000.118: opening buffers
035.681  000.042: BufEnter autocommands
035.684  000.003: editing files in windows
035.693  000.009: --- NVIM STARTED ---

--- Startup times for process: Primary (or UI client) ---

times in msec
 clock   self+sourced   self:  sourced script
 clock   elapsed:              other lines

000.005  000.005: --- NVIM STARTING ---
000.805  000.800: event init
001.364  000.559: early init
001.586  000.222: locale set
001.775  000.189: init first window
004.740  002.965: inits 1
004.774  000.033: window checked
004.795  000.021: parsing arguments
006.838  000.147  000.147: require('vim._core.shared')
007.116  000.011  000.011: require('string.buffer')
007.207  000.164  000.152: require('vim.inspect')
007.350  000.118  000.118: require('vim._core.options')
007.372  000.522  000.240: require('vim._core.editor')
007.466  000.090  000.090: require('vim._core.system')
007.471  000.841  000.081: require('vim._init_packages')
007.479  001.843: init lua interpreter
013.312  005.834: nvim_ui_attach
015.616  002.304: nvim_set_client_info
015.622  000.006: --- NVIM STARTED ---

--- Startup times for process: Embedded ---

times in msec
 clock   self+sourced   self:  sourced script
 clock   elapsed:              other lines

000.002  000.002: --- NVIM STARTING ---
000.438  000.436: event init
000.821  000.383: early init
001.005  000.184: locale set
001.169  000.164: init first window
002.956  001.787: inits 1
003.007  000.051: window checked
003.026  000.018: parsing arguments
004.370  000.155  000.155: require('vim._core.shared')
004.581  000.009  000.009: require('string.buffer')
004.658  000.138  000.128: require('vim.inspect')
004.782  000.101  000.101: require('vim._core.options')
004.800  000.420  000.181: require('vim._core.editor')
004.924  000.120  000.120: require('vim._core.system')
004.929  000.779  000.085: require('vim._init_packages')
004.938  001.133: init lua interpreter
005.344  000.407: expanding arguments
005.456  000.112: inits 2
006.512  001.056: init highlight
006.518  000.006: waiting for UI
007.499  000.981: done waiting for UI
007.559  000.060: clear screen
007.949  000.033  000.033: require('vim.keymap')
010.144  000.480  000.480: sourcing nvim_exec2()
010.531  002.962  002.448: require('vim._core.defaults')
010.535  000.014: init default mappings & autocommands
011.649  000.115  000.115: sourcing /usr/local/share/nvim/runtime/ftplugin.vim
011.802  000.067  000.067: sourcing /usr/local/share/nvim/runtime/indent.vim
011.820  001.104: sourcing vimrc file(s)
012.328  000.167  000.167: sourcing nvim_exec2() called at /usr/local/share/nvim/runtime/filetype.lua:0
012.344  000.456  000.289: sourcing /usr/local/share/nvim/runtime/filetype.lua
012.918  000.258  000.258: sourcing /usr/local/share/nvim/runtime/syntax/synload.vim
013.421  000.930  000.672: sourcing /usr/local/share/nvim/runtime/syntax/syntax.vim
015.754  001.689  001.689: sourcing /usr/share/nvim/site/plugin/fzf.vim
017.357  000.470  000.470: sourcing /usr/local/share/nvim/runtime/plugin/gzip.vim
018.413  000.446  000.446: sourcing /usr/local/share/nvim/runtime/pack/dist/opt/matchit/plugin/matchit.vim
018.611  001.201  000.755: sourcing /usr/local/share/nvim/runtime/plugin/matchit.vim
018.910  000.253  000.253: sourcing /usr/local/share/nvim/runtime/plugin/matchparen.vim
020.480  000.712  000.712: sourcing /usr/local/share/nvim/runtime/pack/dist/opt/netrw/plugin/netrwPlugin.vim
020.657  001.710  000.997: sourcing /usr/local/share/nvim/runtime/plugin/netrwPlugin.vim
020.838  000.120  000.120: sourcing /usr/local/share/nvim/runtime/plugin/rplugin.vim
021.164  000.272  000.272: sourcing /usr/local/share/nvim/runtime/plugin/tarPlugin.vim
021.316  000.091  000.091: sourcing /usr/local/share/nvim/runtime/plugin/tutor.vim
021.784  000.415  000.415: sourcing /usr/local/share/nvim/runtime/plugin/zipPlugin.vim
021.957  000.103  000.103: sourcing /usr/local/share/nvim/runtime/plugin/editorconfig.lua
022.119  000.110  000.110: sourcing /usr/local/share/nvim/runtime/plugin/man.lua
022.386  000.211  000.211: sourcing /usr/local/share/nvim/runtime/plugin/nvim/net.lua
022.491  000.048  000.048: sourcing /usr/local/share/nvim/runtime/plugin/nvim/spellfile.lua
022.651  000.116  000.116: sourcing /usr/local/share/nvim/runtime/plugin/osc52.lua
022.865  000.166  000.166: sourcing /usr/local/share/nvim/runtime/plugin/shada.lua
022.972  000.050  000.050: sourcing /usr/local/share/nvim/runtime/plugin/tohtml.lua
023.006  002.777: loading rtp plugins
023.388  000.382: loading packages
024.816  001.428: loading after plugins
024.867  000.051: inits 3
024.885  000.018: reading ShaDa
025.073  000.188: opening buffers
025.146  000.073: BufEnter autocommands
025.150  000.005: editing files in windows
025.164  000.013: --- NVIM STARTED ---

--- Startup times for process: Primary (or UI client) ---

times in msec
 clock   self+sourced   self:  sourced script
 clock   elapsed:              other lines

000.006  000.006: --- NVIM STARTING ---
000.919  000.912: event init
001.606  000.688: early init
001.927  000.321: locale set
002.215  000.288: init first window
006.058  003.843: inits 1
006.112  000.054: window checked
006.147  000.035: parsing arguments
007.872  000.131  000.131: require('vim._core.shared')
008.108  000.014  000.014: require('string.buffer')
008.226  000.194  000.180: require('vim.inspect')
008.432  000.173  000.173: require('vim._core.options')
008.472  000.590  000.223: require('vim._core.editor')
008.652  000.171  000.171: require('vim._core.system')
008.662  000.979  000.087: require('vim._init_packages')
008.678  001.552: init lua interpreter
014.048  005.370: nvim_ui_attach
016.896  002.848: nvim_set_client_info
016.903  000.007: --- NVIM STARTED ---

--- Startup times for process: Embedded ---

times in msec
 clock   self+sourced   self:  sourced script
 clock   elapsed:              other lines

000.002  000.002: --- NVIM STARTING ---
000.461  000.459: event init
000.761  000.300: early init
000.907  000.146: locale set
001.025  000.118: init first window
003.073  002.048: inits 1
003.135  000.062: window checked
003.154  000.018: parsing arguments
004.777  000.146  000.146: require('vim._core.shared')
004.999  000.009  000.009: require('string.buffer')
005.071  000.127  000.118: require('vim.inspect')
005.209  000.116  000.116: require('vim._core.options')
005.225  000.438  000.194: require('vim._core.editor')
005.291  000.062  000.062: require('vim._core.system')
005.295  000.723  000.077: require('vim._init_packages')
005.301  001.425: init lua interpreter
005.547  000.246: expanding arguments
005.647  000.099: inits 2
006.665  001.018: init highlight
006.670  000.005: waiting for UI
007.839  001.169: done waiting for UI
007.912  000.073: clear screen
008.384  000.035  000.035: require('vim.keymap')
010.268  000.357  000.357: sourcing nvim_exec2()
010.501  002.576  002.184: require('vim._core.defaults')
010.504  000.017: init default mappings & autocommands
011.228  000.075  000.075: sourcing /usr/local/share/nvim/runtime/ftplugin.vim
011.336  000.047  000.047: sourcing /usr/local/share/nvim/runtime/indent.vim
011.349  000.723: sourcing vimrc file(s)
011.577  000.049  000.049: sourcing nvim_exec2() called at /usr/local/share/nvim/runtime/filetype.lua:0
011.582  000.185  000.136: sourcing /usr/local/share/nvim/runtime/filetype.lua
011.893  000.163  000.163: sourcing /usr/local/share/nvim/runtime/syntax/synload.vim
012.109  000.461  000.298: sourcing /usr/local/share/nvim/runtime/syntax/syntax.vim
013.952  001.350  001.350: sourcing /usr/share/nvim/site/plugin/fzf.vim
015.178  000.391  000.391: sourcing /usr/local/share/nvim/runtime/plugin/gzip.vim
016.225  000.396  000.396: sourcing /usr/local/share/nvim/runtime/pack/dist/opt/matchit/plugin/matchit.vim
016.342  001.095  000.699: sourcing /usr/local/share/nvim/runtime/plugin/matchit.vim
016.635  000.250  000.250: sourcing /usr/local/share/nvim/runtime/plugin/matchparen.vim
017.876  000.585  000.585: sourcing /usr/local/share/nvim/runtime/pack/dist/opt/netrw/plugin/netrwPlugin.vim
017.984  001.310  000.726: sourcing /usr/local/share/nvim/runtime/plugin/netrwPlugin.vim
018.141  000.107  000.107: sourcing /usr/local/share/nvim/runtime/plugin/rplugin.vim
018.386  000.200  000.200: sourcing /usr/local/share/nvim/runtime/plugin/tarPlugin.vim
018.477  000.036  000.036: sourcing /usr/local/share/nvim/runtime/plugin/tutor.vim
018.846  000.326  000.326: sourcing /usr/local/share/nvim/runtime/plugin/zipPlugin.vim
019.010  000.106  000.106: sourcing /usr/local/share/nvim/runtime/plugin/editorconfig.lua
019.243  000.188  000.188: sourcing /usr/local/share/nvim/runtime/plugin/man.lua
019.481  000.187  000.187: sourcing /usr/local/share/nvim/runtime/plugin/nvim/net.lua
019.647  000.099  000.099: sourcing /usr/local/share/nvim/runtime/plugin/nvim/spellfile.lua
019.971  000.277  000.277: sourcing /usr/local/share/nvim/runtime/plugin/osc52.lua
020.265  000.236  000.236: sourcing /usr/local/share/nvim/runtime/plugin/shada.lua
020.393  000.061  000.061: sourcing /usr/local/share/nvim/runtime/plugin/tohtml.lua
020.430  002.216: loading rtp plugins
020.704  000.274: loading packages
021.273  000.568: loading after plugins
021.299  000.027: inits 3
021.312  000.013: reading ShaDa
021.448  000.135: opening buffers
021.496  000.048: BufEnter autocommands
021.499  000.003: editing files in windows
021.509  000.010: --- NVIM STARTED ---

--- Startup times for process: Primary (or UI client) ---

times in msec
 clock   self+sourced   self:  sourced script
 clock   elapsed:              other lines

000.005  000.005: --- NVIM STARTING ---
000.911  000.907: event init
001.505  000.593: early init
001.938  000.434: locale set
002.234  000.296: init first window
005.161  002.927: inits 1
005.200  000.038: window checked
005.223  000.023: parsing arguments
007.445  000.213  000.213: require('vim._core.shared')
007.828  000.017  000.017: require('string.buffer')
007.996  000.279  000.262: require('vim.inspect')
008.198  000.162  000.162: require('vim._core.options')
008.225  000.765  000.323: require('vim._core.editor')
008.403  000.172  000.172: require('vim._core.system')
008.409  001.265  000.115: require('vim._init_packages')
008.421  001.933: init lua interpreter
015.234  006.813: nvim_ui_attach
019.898  004.664: nvim_set_client_info
019.912  000.014: --- NVIM STARTED ---

--- Startup times for process: Embedded ---

times in msec
 clock   self+sourced   self:  sourced script
 clock   elapsed:              other lines

000.006  000.006: --- NVIM STARTING ---
000.803  000.797: event init
001.251  000.447: early init
001.476  000.225: locale set
001.800  000.324: init first window
005.228  003.428: inits 1
005.288  000.061: window checked
005.310  000.021: parsing arguments
007.820  000.213  000.213: require('vim._core.shared')
008.202  000.019  000.019: require('string.buffer')
008.296  000.201  000.183: require('vim.inspect')
008.428  000.108  000.108: require('vim._core.options')
008.448  000.610  000.300: require('vim._core.editor')
008.586  000.135  000.135: require('vim._core.system')
008.591  001.096  000.138: require('vim._init_packages')
008.600  002.195: init lua interpreter
008.967  000.366: expanding arguments
009.126  000.159: inits 2
010.575  001.449: init highlight
010.592  000.017: waiting for UI
011.686  001.094: done waiting for UI
011.750  000.064: clear screen
012.068  000.038  000.038: require('vim.keymap')
014.169  000.472  000.472: sourcing nvim_exec2()
014.435  002.677  002.167: require('vim._core.defaults')
014.439  000.012: init default mappings & autocommands
015.308  000.087  000.087: sourcing /usr/local/share/nvim/runtime/ftplugin.vim
015.435  000.055  000.055: sourcing /usr/local/share/nvim/runtime/indent.vim
015.450  000.869: sourcing vimrc file(s)
015.777  000.060  000.060: sourcing nvim_exec2() called at /usr/local/share/nvim/runtime/filetype.lua:0
015.783  000.276  000.217: sourcing /usr/local/share/nvim/runtime/filetype.lua
016.146  000.191  000.191: sourcing /usr/local/share/nvim/runtime/syntax/synload.vim
016.404  000.541  000.350: sourcing /usr/local/share/nvim/runtime/syntax/syntax.vim
018.062  001.129  001.129: sourcing /usr/share/nvim/site/plugin/fzf.vim
019.286  000.387  000.387: sourcing /usr/local/share/nvim/runtime/plugin/gzip.vim
020.152  000.303  000.303: sourcing /usr/local/share/nvim/runtime/pack/dist/opt/matchit/plugin/matchit.vim
020.244  000.917  000.615: sourcing /usr/local/share/nvim/runtime/plugin/matchit.vim
020.517  000.239  000.239: sourcing /usr/local/share/nvim/runtime/plugin/matchparen.vim
021.569  000.424  000.424: sourcing /usr/local/share/nvim/runtime/pack/dist/opt/netrw/plugin/netrwPlugin.vim
021.661  001.096  000.673: sourcing /usr/local/share/nvim/runtime/plugin/netrwPlugin.vim
021.790  000.082  000.082: sourcing /usr/local/share/nvim/runtime/plugin/rplugin.vim
022.016  000.186  000.186: sourcing /usr/local/share/nvim/runtime/plugin/tarPlugin.vim
022.103  000.033  000.033: sourcing /usr/local/share/nvim/runtime/plugin/tutor.vim
022.453  000.308  000.308: sourcing /usr/local/share/nvim/runtime/plugin/zipPlugin.vim
022.669  000.159  000.159: sourcing /usr/local/share/nvim/runtime/plugin/editorconfig.lua
023.219  000.468  000.468: sourcing /usr/local/share/nvim/runtime/plugin/man.lua
023.671  000.324  000.324: sourcing /usr/local/share/nvim/runtime/plugin/nvim/net.lua
023.831  000.079  000.079: sourcing /usr/local/share/nvim/runtime/plugin/nvim/spellfile.lua
024.118  000.237  000.237: sourcing /usr/local/share/nvim/runtime/plugin/osc52.lua
024.446  000.195  000.195: sourcing /usr/local/share/nvim/runtime/plugin/shada.lua
024.586  000.080  000.080: sourcing /usr/local/share/nvim/runtime/plugin/tohtml.lua
024.623  002.437: loading rtp plugins
024.901  000.278: loading packages
025.604  000.704: loading after plugins
025.643  000.039: inits 3
025.657  000.014: reading ShaDa
025.898  000.241: opening buffers
026.039  000.140: BufEnter autocommands
026.047  000.008: editing files in windows
026.075  000.028: --- NVIM STARTED ---

--- Startup times for process: Primary (or UI client) ---

times in msec
 clock   self+sourced   self:  sourced script
 clock   elapsed:              other lines

000.004  000.004: --- NVIM STARTING ---
001.134  001.130: event init
001.835  000.701: early init
002.186  000.351: locale set
002.548  000.361: init first window
005.716  003.169: inits 1
005.754  000.038: window checked
005.766  000.011: parsing arguments
007.773  000.199  000.199: require('vim._core.shared')
008.106  000.014  000.014: require('string.buffer')
008.220  000.213  000.198: require('vim.inspect')
008.485  000.228  000.228: require('vim._core.options')
008.517  000.729  000.289: require('vim._core.editor')
008.677  000.155  000.155: require('vim._core.system')
008.682  001.184  000.101: require('vim._init_packages')
008.691  001.742: init lua interpreter
015.569  006.878: nvim_ui_attach
021.793  006.224: nvim_set_client_info
021.828  000.035: --- NVIM STARTED ---

--- Startup times for process: Embedded ---

times in msec
 clock   self+sourced   self:  sourced script
 clock   elapsed:              other lines

000.005  000.005: --- NVIM STARTING ---
000.785  000.780: event init
001.335  000.550: early init
001.654  000.319: locale set
001.925  000.271: init first window
005.864  003.939: inits 1
005.922  000.058: window checked
005.937  000.015: parsing arguments
009.475  000.150  000.150: require('vim._core.shared')
009.708  000.010  000.010: require('string.buffer')
009.780  000.139  000.128: require('vim.inspect')
009.904  000.102  000.102: require('vim._core.options')
009.922  000.437  000.196: require('vim._core.editor')
009.997  000.072  000.072: require('vim._core.system')
010.000  000.732  000.073: require('vim._init_packages')
010.008  003.339: init lua interpreter
010.338  000.331: expanding arguments
010.505  000.167: inits 2
012.001  001.496: init highlight
012.005  000.004: waiting for UI
013.164  001.159: done waiting for UI
013.249  000.084: clear screen
013.661  000.031  000.031: require('vim.keymap')
015.922  000.502  000.502: sourcing nvim_exec2()
016.269  003.011  002.478: require('vim._core.defaults')
016.274  000.015: init default mappings & autocommands
017.756  000.110  000.110: sourcing /usr/local/share/nvim/runtime/ftplugin.vim
017.939  000.080  000.080: sourcing /usr/local/share/nvim/runtime/indent.vim
019.756  001.347  001.347: require('lnpm')
019.892  000.100  000.100: require('themes')
023.884  000.129  000.129: require('neofusion.palette')
023.894  003.686  003.557: require('neofusion')
026.667  000.091  000.091: require('leos.palette')
026.676  002.381  002.290: require('leos')
028.592  000.022  000.022: sourcing nvim_exec2() called at /home/lum/.config/nvim/init.lua:0
028.678  000.639  000.617: require('settings')
029.487  000.058  000.058: sourcing /home/lum/.config/nvim/pack/plugin/opt/plenary.nvim/plugin/plenary.vim
029.496  000.123  000.064: sourcing nvim_exec2() called at /home/lum/.config/nvim/init.lua:0
031.360  000.054  000.054: sourcing /home/lum/.config/nvim/pack/plugin/opt/nvim-web-devicons/plugin/nvim-web-devicons.vim
031.368  000.110  000.057: sourcing nvim_exec2() called at /home/lum/.config/nvim/init.lua:0
033.110  000.193  000.193: require('nvim-web-devicons.filetypes')
033.130  000.007  000.007: require('vim.F')
033.737  000.524  000.524: require('nvim-web-devicons.default.icons_by_filename')
035.108  001.367  001.367: require('nvim-web-devicons.default.icons_by_file_extension')
035.356  000.243  000.243: require('nvim-web-devicons.default.icons_by_operating_system')
035.466  000.106  000.106: require('nvim-web-devicons.default.icons_by_desktop_environment')
035.609  000.139  000.139: require('nvim-web-devicons.default.icons_by_window_manager')
035.613  002.472  000.093: require('nvim-web-devicons.icons-default')
036.643  005.270  002.598: require('nvim-web-devicons')
038.588  000.114  000.114: require('plugins/nvim-tree')
038.843  000.171  000.171: require('plugins/oil')
039.109  000.162  000.162: require('plugins/cmp')
041.454  001.538  001.538: require('nvim-surround')
042.297  000.831  000.831: require('nvim-surround.config')
042.424  000.123  000.123: require('nvim-surround.input')
043.380  000.382  000.382: require('nvim-surround.buffer')
043.552  000.162  000.162: require('plugins/lsp')
043.871  000.242  000.242: require('plugins/telescope')
044.869  000.561  000.561: sourcing /home/lum/.config/nvim/pack/plugin/opt/telescope.nvim/plugin/telescope.lua
044.878  000.624  000.063: sourcing nvim_exec2() called at /home/lum/.config/nvim/init.lua:0
046.312  000.122  000.122: require('telescope.state')
048.608  000.477  000.477: require('plenary.bit')
048.818  000.205  000.205: require('plenary.functional')
048.923  000.066  000.066: require('ffi')
049.006  001.901  001.153: require('plenary.path')
049.028  002.160  000.258: require('plenary.strings')
050.173  000.387  000.387: require('plenary.log')
050.259  000.598  000.211: require('telescope.log')
051.586  000.085  000.085: require('plenary.compat')
051.602  000.616  000.531: require('plenary.job')
051.810  000.196  000.196: require('vim.hl')
054.773  000.340  000.340: require('vim.treesitter.language')
054.844  000.061  000.061: require('vim.func')
055.009  000.161  000.161: require('vim.treesitter._range')
055.140  000.125  000.125: require('vim.func._memoize')
055.204  001.611  000.925: require('vim.treesitter.query')
055.225  003.029  001.418: require('vim.treesitter.languagetree')
055.235  003.414  000.385: require('vim.treesitter')
055.245  004.982  000.756: require('telescope.utils')
055.254  006.224  000.644: require('telescope.sorters')
058.042  011.725  003.342: require('telescope.config')
058.053  011.999  000.152: require('telescope.actions.state')
058.408  000.135  000.135: require('telescope._extensions')
058.416  000.359  000.224: require('telescope')
060.714  000.296  000.296: require('plenary.window.border')
060.792  000.074  000.074: require('plenary.window')
060.871  000.076  000.076: require('plenary.popup.utils')
060.876  000.858  000.414: require('plenary.popup')
061.045  000.167  000.167: require('telescope.pickers.scroller')
061.229  000.180  000.180: require('telescope.actions.utils')
061.803  000.237  000.237: require('telescope.actions.mt')
061.830  000.599  000.361: require('telescope.actions.set')
062.269  000.233  000.233: require('telescope.config.resolve')
062.273  000.441  000.208: require('telescope.pickers.entry_display')
062.386  000.111  000.111: require('telescope.from_entry')
062.787  004.369  002.014: require('telescope.actions')
063.229  000.438  000.438: require('telescope.builtin')
063.589  000.190  000.190: require('telescope.previewers.previewer')
064.382  000.331  000.331: require('telescope.previewers.utils')
064.425  000.832  000.501: require('telescope.previewers.term_previewer')
066.003  001.575  001.575: require('telescope.previewers.buffer_previewer')
066.010  002.772  000.175: require('telescope.previewers')
067.922  000.125  000.125: require('getRelativePath')
068.048  000.094  000.094: require('plugins/hop')
068.173  000.075  000.075: require('scratch')
068.213  000.036  000.036: require('plugins/whichkey')
068.705  000.045  000.045: sourcing /home/lum/.config/nvim/pack/plugin/opt/which-key.nvim/plugin/which-key.lua
068.713  000.113  000.068: sourcing nvim_exec2() called at /home/lum/.config/nvim/init.lua:0
070.389  001.669  001.669: require('which-key')
071.153  000.233  000.233: sourcing /home/lum/.config/nvim/pack/plugin/opt/vim-commentary/plugin/commentary.vim
071.167  000.314  000.081: sourcing nvim_exec2() called at /home/lum/.config/nvim/init.lua:0
073.325  000.208  000.208: require('plugins/git')
077.033  003.225  003.225: sourcing /home/lum/.config/nvim/pack/plugin/opt/emmet-vim/plugin/emmet.vim
077.043  003.288  000.064: sourcing nvim_exec2() called at /home/lum/.config/nvim/init.lua:0
078.333  000.077  000.077: require('plugins/orgmode')
078.430  000.062  000.062: require('plugins/supermaven')
078.610  000.125  000.125: require('plugins/dap')
079.180  000.034  000.034: sourcing /home/lum/.config/nvim/pack/plugin/opt/nvim-bqf/plugin/bqf.vim
079.187  000.092  000.058: sourcing nvim_exec2() called at /home/lum/.config/nvim/init.lua:0
081.819  000.024  000.024: sourcing nvim_exec2() called at /home/lum/.config/nvim/init.lua:0
081.827  001.408  001.384: require('custom')
082.266  000.117  000.117: sourcing /usr/local/share/nvim/runtime/keymap/russian-jcukenwin.vim
082.354  000.030  000.030: sourcing nvim_exec2() called at /home/lum/.config/nvim/init.lua:0
082.359  000.529  000.383: require('russian')
087.463  000.059  000.059: sourcing nvim_exec2() called at /home/lum/.config/nvim/init.lua:0
087.475  005.113  005.054: require('statusline')
090.557  002.229  002.229: require('yazi.commands')
090.581  002.305  000.076: sourcing /home/lum/.config/nvim/pack/plugin/opt/yazi.nvim/plugin/yazi.lua
090.590  002.378  000.073: sourcing nvim_exec2() called at /home/lum/.config/nvim/init.lua:0
091.047  000.142  000.142: require('plugins/lumprojects')
091.299  000.152  000.152: require('plugins/lqc')
091.569  000.201  000.201: require('plugins/http')
091.711  000.091  000.091: require('plugins/sql')
092.290  000.546  000.546: require('hotkeys')
092.989  000.359  000.359: require('vim.version')
098.079  005.472  005.113: sourcing /home/lum/.config/nvim/pack/plugin/opt/leos.nvim/colors/leos.lua
098.095  005.769  000.296: sourcing nvim_exec2() called at /home/lum/.config/nvim/init.lua:0
098.101  080.025  019.477: sourcing /home/lum/.config/nvim/init.lua
098.113  001.623: sourcing vimrc file(s)
098.578  000.253  000.253: sourcing nvim_exec2() called at /usr/local/share/nvim/runtime/filetype.lua:0
098.584  000.379  000.126: sourcing /usr/local/share/nvim/runtime/filetype.lua
099.050  000.134  000.134: sourcing /usr/local/share/nvim/runtime/syntax/synload.vim
099.303  000.488  000.354: sourcing /usr/local/share/nvim/runtime/syntax/syntax.vim
101.014  000.994  000.994: sourcing /usr/share/nvim/site/plugin/fzf.vim
102.070  000.413  000.413: sourcing /usr/local/share/nvim/runtime/plugin/gzip.vim
103.916  000.576  000.576: sourcing /usr/local/share/nvim/runtime/pack/dist/opt/matchit/plugin/matchit.vim
104.196  002.075  001.499: sourcing /usr/local/share/nvim/runtime/plugin/matchit.vim
104.826  000.575  000.575: sourcing /usr/local/share/nvim/runtime/plugin/matchparen.vim
106.989  000.467  000.467: sourcing /usr/local/share/nvim/runtime/pack/dist/opt/netrw/plugin/netrwPlugin.vim
107.114  002.172  001.705: sourcing /usr/local/share/nvim/runtime/plugin/netrwPlugin.vim
107.410  000.245  000.245: sourcing /usr/local/share/nvim/runtime/plugin/rplugin.vim
107.673  000.192  000.192: sourcing /usr/local/share/nvim/runtime/plugin/tarPlugin.vim
107.766  000.037  000.037: sourcing /usr/local/share/nvim/runtime/plugin/tutor.vim
108.116  000.303  000.303: sourcing /usr/local/share/nvim/runtime/plugin/zipPlugin.vim
108.255  000.077  000.077: sourcing /usr/local/share/nvim/runtime/plugin/editorconfig.lua
108.397  000.095  000.095: sourcing /usr/local/share/nvim/runtime/plugin/man.lua
108.577  000.109  000.109: sourcing /usr/local/share/nvim/runtime/plugin/nvim/net.lua
108.677  000.047  000.047: sourcing /usr/local/share/nvim/runtime/plugin/nvim/spellfile.lua
108.843  000.121  000.121: sourcing /usr/local/share/nvim/runtime/plugin/osc52.lua
109.069  000.178  000.178: sourcing /usr/local/share/nvim/runtime/plugin/shada.lua
109.174  000.048  000.048: sourcing /usr/local/share/nvim/runtime/plugin/tohtml.lua
109.514  000.115  000.115: sourcing /home/lum/.config/nvim/pack/plugin/opt/plenary.nvim/plugin/plenary.vim
109.689  000.019  000.019: sourcing /home/lum/.config/nvim/pack/plugin/opt/nvim-web-devicons/plugin/nvim-web-devicons.vim
110.039  000.185  000.185: sourcing /home/lum/.config/nvim/pack/plugin/opt/telescope.nvim/plugin/telescope.lua
110.207  000.035  000.035: sourcing /home/lum/.config/nvim/pack/plugin/opt/which-key.nvim/plugin/which-key.lua
110.356  000.021  000.021: sourcing /home/lum/.config/nvim/pack/plugin/opt/vim-commentary/plugin/commentary.vim
110.556  000.052  000.052: sourcing /home/lum/.config/nvim/pack/plugin/opt/emmet-vim/plugin/emmet.vim
110.696  000.013  000.013: sourcing /home/lum/.config/nvim/pack/plugin/opt/nvim-bqf/plugin/bqf.vim
110.853  000.033  000.033: sourcing /home/lum/.config/nvim/pack/plugin/opt/yazi.nvim/plugin/yazi.lua
110.859  003.725: loading rtp plugins
111.247  000.388: loading packages
112.238  000.991: loading after plugins
112.267  000.029: inits 3
112.387  000.121: opening buffers
116.603  004.215: BufEnter autocommands
116.609  000.007: editing files in windows
116.620  000.011: --- NVIM STARTED ---

--- Startup times for process: Primary (or UI client) ---

times in msec
 clock   self+sourced   self:  sourced script
 clock   elapsed:              other lines

000.001  000.001: --- NVIM STARTING ---
000.293  000.291: event init
000.559  000.266: early init
000.683  000.124: locale set
000.790  000.107: init first window
002.111  001.321: inits 1
002.141  000.030: window checked
002.147  000.006: parsing arguments
003.738  000.365  000.365: require('vim._core.shared')
004.254  000.018  000.018: require('string.buffer')
004.401  000.259  000.241: require('vim.inspect')
004.623  000.178  000.178: require('vim._core.options')
004.671  000.899  000.462: require('vim._core.editor')
004.756  000.082  000.082: require('vim._core.system')
004.759  001.493  000.147: require('vim._init_packages')
004.765  001.125: init lua interpreter
007.857  003.092: nvim_ui_attach
009.662  001.804: nvim_set_client_info
009.666  000.004: --- NVIM STARTED ---

--- Startup times for process: Embedded ---

times in msec
 clock   self+sourced   self:  sourced script
 clock   elapsed:              other lines

000.002  000.002: --- NVIM STARTING ---
000.236  000.235: event init
000.431  000.195: early init
000.515  000.084: locale set
000.593  000.078: init first window
001.788  001.195: inits 1
001.808  000.019: window checked
001.813  000.005: parsing arguments
002.871  000.110  000.110: require('vim._core.shared')
003.044  000.009  000.009: require('string.buffer')
003.127  000.136  000.127: require('vim.inspect')
003.245  000.096  000.096: require('vim._core.options')
003.262  000.385  000.152: require('vim._core.editor')
003.341  000.075  000.075: require('vim._core.system')
003.346  000.628  000.059: require('vim._init_packages')
003.352  000.911: init lua interpreter
003.580  000.229: expanding arguments
003.648  000.068: inits 2
004.628  000.980: init highlight
004.635  000.006: waiting for UI
006.176  001.541: done waiting for UI
006.232  000.057: clear screen
006.593  000.043  000.043: require('vim.keymap')
008.556  000.477  000.477: sourcing nvim_exec2()
008.818  002.578  002.057: require('vim._core.defaults')
008.822  000.012: init default mappings & autocommands
009.939  000.076  000.076: sourcing /usr/local/share/nvim/runtime/ftplugin.vim
010.060  000.052  000.052: sourcing /usr/local/share/nvim/runtime/indent.vim
011.008  000.618  000.618: require('lnpm')
011.090  000.062  000.062: require('themes')
013.468  000.083  000.083: require('neofusion.palette')
013.473  002.202  002.119: require('neofusion')
016.574  000.101  000.101: require('leos.palette')
016.585  002.499  002.398: require('leos')
018.735  000.028  000.028: sourcing nvim_exec2() called at /home/lum/.config/nvim/init.lua:0
018.844  000.718  000.690: require('settings')
019.728  000.075  000.075: sourcing /home/lum/.config/nvim/pack/plugin/opt/plenary.nvim/plugin/plenary.vim
019.739  000.146  000.071: sourcing nvim_exec2() called at /home/lum/.config/nvim/init.lua:0
021.641  000.080  000.080: sourcing /home/lum/.config/nvim/pack/plugin/opt/nvim-web-devicons/plugin/nvim-web-devicons.vim
021.651  000.140  000.060: sourcing nvim_exec2() called at /home/lum/.config/nvim/init.lua:0
024.411  000.367  000.367: require('nvim-web-devicons.filetypes')
024.443  000.013  000.013: require('vim.F')
025.809  001.210  001.210: require('nvim-web-devicons.default.icons_by_filename')
027.450  001.613  001.613: require('nvim-web-devicons.default.icons_by_file_extension')
027.718  000.260  000.260: require('nvim-web-devicons.default.icons_by_operating_system')
027.806  000.085  000.085: require('nvim-web-devicons.default.icons_by_desktop_environment')
027.928  000.119  000.119: require('nvim-web-devicons.default.icons_by_window_manager')
027.932  003.465  000.180: require('nvim-web-devicons.icons-default')
028.329  006.651  002.806: require('nvim-web-devicons')
030.167  000.107  000.107: require('plugins/nvim-tree')
030.341  000.110  000.110: require('plugins/oil')
030.510  000.086  000.086: require('plugins/cmp')
032.521  001.593  001.593: require('nvim-surround')
033.579  001.048  001.048: require('nvim-surround.config')
033.761  000.172  000.172: require('nvim-surround.input')
035.241  000.799  000.799: require('nvim-surround.buffer')
035.570  000.293  000.293: require('plugins/lsp')
035.892  000.269  000.269: require('plugins/telescope')
037.013  000.647  000.647: sourcing /home/lum/.config/nvim/pack/plugin/opt/telescope.nvim/plugin/telescope.lua
037.025  000.717  000.070: sourcing nvim_exec2() called at /home/lum/.config/nvim/init.lua:0
039.100  000.383  000.383: require('telescope.state')
043.536  000.643  000.643: require('plenary.bit')
043.804  000.259  000.259: require('plenary.functional')
043.943  000.061  000.061: require('ffi')
043.986  003.262  002.299: require('plenary.path')
044.005  003.772  000.511: require('plenary.strings')
045.073  000.456  000.456: require('plenary.log')
045.127  000.604  000.148: require('telescope.log')
046.948  000.295  000.295: require('plenary.compat')
047.010  001.115  000.820: require('plenary.job')
047.429  000.378  000.378: require('vim.hl')
050.558  000.158  000.158: require('vim.treesitter.language')
050.617  000.051  000.051: require('vim.func')
050.775  000.154  000.154: require('vim.treesitter._range')
050.896  000.115  000.115: require('vim.func._memoize')
050.951  001.504  001.025: require('vim.treesitter.query')
050.968  002.849  001.345: require('vim.treesitter.languagetree')
050.976  003.505  000.656: require('vim.treesitter')
050.984  005.854  000.856: require('telescope.utils')
050.993  006.986  000.528: require('telescope.sorters')
053.087  013.978  003.219: require('telescope.config')
053.093  014.700  000.340: require('telescope.actions.state')
053.715  000.436  000.436: require('telescope._extensions')
053.724  000.627  000.191: require('telescope')
056.258  000.501  000.501: require('plenary.window.border')
056.371  000.104  000.104: require('plenary.window')
056.467  000.092  000.092: require('plenary.popup.utils')
056.481  001.348  000.650: require('plenary.popup')
056.709  000.224  000.224: require('telescope.pickers.scroller')
057.024  000.309  000.309: require('telescope.actions.utils')
057.912  000.394  000.394: require('telescope.actions.mt')
057.963  000.931  000.538: require('telescope.actions.set')
058.748  000.524  000.524: require('telescope.config.resolve')
058.778  000.812  000.287: require('telescope.pickers.entry_display')
059.140  000.355  000.355: require('telescope.from_entry')
059.655  005.929  001.950: require('telescope.actions')
060.160  000.500  000.500: require('telescope.builtin')
060.518  000.184  000.184: require('telescope.previewers.previewer')
061.349  000.356  000.356: require('telescope.previewers.utils')
061.405  000.883  000.527: require('telescope.previewers.term_previewer')
063.093  001.686  001.686: require('telescope.previewers.buffer_previewer')
063.106  002.940  000.188: require('telescope.previewers')
065.578  000.147  000.147: require('getRelativePath')
065.711  000.094  000.094: require('plugins/hop')
065.885  000.097  000.097: require('scratch')
065.927  000.038  000.038: require('plugins/whichkey')
066.425  000.048  000.048: sourcing /home/lum/.config/nvim/pack/plugin/opt/which-key.nvim/plugin/which-key.lua
066.432  000.110  000.062: sourcing nvim_exec2() called at /home/lum/.config/nvim/init.lua:0
067.579  001.143  001.143: require('which-key')
068.150  000.196  000.196: sourcing /home/lum/.config/nvim/pack/plugin/opt/vim-commentary/plugin/commentary.vim
068.158  000.253  000.057: sourcing nvim_exec2() called at /home/lum/.config/nvim/init.lua:0
069.669  000.223  000.223: require('plugins/git')
074.511  004.307  004.307: sourcing /home/lum/.config/nvim/pack/plugin/opt/emmet-vim/plugin/emmet.vim
074.539  004.384  000.077: sourcing nvim_exec2() called at /home/lum/.config/nvim/init.lua:0
076.870  000.149  000.149: require('plugins/orgmode')
077.081  000.162  000.162: require('plugins/supermaven')
077.366  000.245  000.245: require('plugins/dap')
078.446  000.037  000.037: sourcing /home/lum/.config/nvim/pack/plugin/opt/nvim-bqf/plugin/bqf.vim
078.455  000.100  000.063: sourcing nvim_exec2() called at /home/lum/.config/nvim/init.lua:0
081.312  000.024  000.024: sourcing nvim_exec2() called at /home/lum/.config/nvim/init.lua:0
081.320  001.370  001.345: require('custom')
081.770  000.116  000.116: sourcing /usr/local/share/nvim/runtime/keymap/russian-jcukenwin.vim
081.949  000.031  000.031: sourcing nvim_exec2() called at /home/lum/.config/nvim/init.lua:0
081.955  000.632  000.486: require('russian')
087.084  000.037  000.037: sourcing nvim_exec2() called at /home/lum/.config/nvim/init.lua:0
087.096  005.139  005.101: require('statusline')
090.612  002.511  002.511: require('yazi.commands')
090.671  002.606  000.095: sourcing /home/lum/.config/nvim/pack/plugin/opt/yazi.nvim/plugin/yazi.lua
090.688  002.687  000.080: sourcing nvim_exec2() called at /home/lum/.config/nvim/init.lua:0
091.518  000.157  000.157: require('plugins/lumprojects')
092.145  000.403  000.403: require('plugins/lqc')
092.654  000.205  000.205: require('plugins/http')
092.983  000.188  000.188: require('plugins/sql')
093.431  000.394  000.394: require('hotkeys')
094.295  000.389  000.389: require('vim.version')
100.867  007.002  006.613: sourcing /home/lum/.config/nvim/pack/plugin/opt/leos.nvim/colors/leos.lua
100.890  007.444  000.442: sourcing nvim_exec2() called at /home/lum/.config/nvim/init.lua:0
100.896  090.745  022.057: sourcing /home/lum/.config/nvim/init.lua
100.912  001.217: sourcing vimrc file(s)
101.375  000.234  000.234: sourcing nvim_exec2() called at /usr/local/share/nvim/runtime/filetype.lua:0
101.380  000.367  000.133: sourcing /usr/local/share/nvim/runtime/filetype.lua
101.845  000.134  000.134: sourcing /usr/local/share/nvim/runtime/syntax/synload.vim
102.114  000.505  000.371: sourcing /usr/local/share/nvim/runtime/syntax/syntax.vim
103.766  001.012  001.012: sourcing /usr/share/nvim/site/plugin/fzf.vim
104.725  000.323  000.323: sourcing /usr/local/share/nvim/runtime/plugin/gzip.vim
106.458  000.624  000.624: sourcing /usr/local/share/nvim/runtime/pack/dist/opt/matchit/plugin/matchit.vim
106.678  001.916  001.292: sourcing /usr/local/share/nvim/runtime/plugin/matchit.vim
107.152  000.423  000.423: sourcing /usr/local/share/nvim/runtime/plugin/matchparen.vim
109.451  000.878  000.878: sourcing /usr/local/share/nvim/runtime/pack/dist/opt/netrw/plugin/netrwPlugin.vim
109.621  002.416  001.539: sourcing /usr/local/share/nvim/runtime/plugin/netrwPlugin.vim
109.967  000.275  000.275: sourcing /usr/local/share/nvim/runtime/plugin/rplugin.vim
110.205  000.188  000.188: sourcing /usr/local/share/nvim/runtime/plugin/tarPlugin.vim
110.293  000.034  000.034: sourcing /usr/local/share/nvim/runtime/plugin/tutor.vim
110.794  000.456  000.456: sourcing /usr/local/share/nvim/runtime/plugin/zipPlugin.vim
110.986  000.084  000.084: sourcing /usr/local/share/nvim/runtime/plugin/editorconfig.lua
111.129  000.095  000.095: sourcing /usr/local/share/nvim/runtime/plugin/man.lua
111.280  000.102  000.102: sourcing /usr/local/share/nvim/runtime/plugin/nvim/net.lua
111.387  000.053  000.053: sourcing /usr/local/share/nvim/runtime/plugin/nvim/spellfile.lua
111.549  000.118  000.118: sourcing /usr/local/share/nvim/runtime/plugin/osc52.lua
111.776  000.173  000.173: sourcing /usr/local/share/nvim/runtime/plugin/shada.lua
111.911  000.078  000.078: sourcing /usr/local/share/nvim/runtime/plugin/tohtml.lua
112.315  000.073  000.073: sourcing /home/lum/.config/nvim/pack/plugin/opt/plenary.nvim/plugin/plenary.vim
112.520  000.021  000.021: sourcing /home/lum/.config/nvim/pack/plugin/opt/nvim-web-devicons/plugin/nvim-web-devicons.vim
112.937  000.249  000.249: sourcing /home/lum/.config/nvim/pack/plugin/opt/telescope.nvim/plugin/telescope.lua
113.148  000.045  000.045: sourcing /home/lum/.config/nvim/pack/plugin/opt/which-key.nvim/plugin/which-key.lua
113.304  000.024  000.024: sourcing /home/lum/.config/nvim/pack/plugin/opt/vim-commentary/plugin/commentary.vim
113.486  000.052  000.052: sourcing /home/lum/.config/nvim/pack/plugin/opt/emmet-vim/plugin/emmet.vim
113.628  000.014  000.014: sourcing /home/lum/.config/nvim/pack/plugin/opt/nvim-bqf/plugin/bqf.vim
113.788  000.033  000.033: sourcing /home/lum/.config/nvim/pack/plugin/opt/yazi.nvim/plugin/yazi.lua
113.794  003.752: loading rtp plugins
114.214  000.421: loading packages
115.226  001.011: loading after plugins
115.254  000.029: inits 3
115.378  000.124: opening buffers
119.609  004.231: BufEnter autocommands
119.616  000.006: editing files in windows
119.627  000.011: --- NVIM STARTED ---

